{"/Users/I511607/perso/twitch-chat-clone/src/domain/entities/message.ts": {"path":"/Users/I511607/perso/twitch-chat-clone/src/domain/entities/message.ts","all":false,"statementMap":{"0":{"start":{"line":1,"column":0},"end":{"line":1,"column":30}},"1":{"start":{"line":2,"column":0},"end":{"line":2,"column":22}},"2":{"start":{"line":3,"column":0},"end":{"line":3,"column":24}},"3":{"start":{"line":4,"column":0},"end":{"line":4,"column":24}},"4":{"start":{"line":5,"column":0},"end":{"line":5,"column":24}},"5":{"start":{"line":6,"column":0},"end":{"line":6,"column":0}},"6":{"start":{"line":7,"column":0},"end":{"line":7,"column":45}},"7":{"start":{"line":8,"column":0},"end":{"line":8,"column":24}},"8":{"start":{"line":9,"column":0},"end":{"line":9,"column":25}},"9":{"start":{"line":10,"column":0},"end":{"line":10,"column":33}},"10":{"start":{"line":11,"column":0},"end":{"line":11,"column":5}},"11":{"start":{"line":12,"column":0},"end":{"line":12,"column":1}}},"s":{"0":1,"1":1,"2":1,"3":1,"4":1,"5":1,"6":1,"7":1,"8":1,"9":1,"10":1,"11":1},"branchMap":{"0":{"type":"branch","line":7,"loc":{"start":{"line":7,"column":4},"end":{"line":11,"column":5}},"locations":[{"start":{"line":7,"column":4},"end":{"line":11,"column":5}}]}},"b":{"0":[1]},"fnMap":{"0":{"name":"Message","decl":{"start":{"line":7,"column":4},"end":{"line":11,"column":5}},"loc":{"start":{"line":7,"column":4},"end":{"line":11,"column":5}},"line":7}},"f":{"0":1}}
,"/Users/I511607/perso/twitch-chat-clone/src/domain/services/message.service.ts": {"path":"/Users/I511607/perso/twitch-chat-clone/src/domain/services/message.service.ts","all":false,"statementMap":{"0":{"start":{"line":1,"column":0},"end":{"line":1,"column":42}},"1":{"start":{"line":2,"column":0},"end":{"line":2,"column":64}},"2":{"start":{"line":3,"column":0},"end":{"line":3,"column":0}},"3":{"start":{"line":4,"column":0},"end":{"line":4,"column":37}},"4":{"start":{"line":5,"column":0},"end":{"line":5,"column":58}},"5":{"start":{"line":6,"column":0},"end":{"line":6,"column":0}},"6":{"start":{"line":7,"column":0},"end":{"line":7,"column":55}},"7":{"start":{"line":8,"column":0},"end":{"line":8,"column":51}},"8":{"start":{"line":9,"column":0},"end":{"line":9,"column":5}},"9":{"start":{"line":10,"column":0},"end":{"line":10,"column":0}},"10":{"start":{"line":11,"column":0},"end":{"line":11,"column":60}},"11":{"start":{"line":12,"column":0},"end":{"line":12,"column":52}},"12":{"start":{"line":13,"column":0},"end":{"line":13,"column":5}},"13":{"start":{"line":14,"column":0},"end":{"line":14,"column":0}},"14":{"start":{"line":15,"column":0},"end":{"line":15,"column":52}},"15":{"start":{"line":16,"column":0},"end":{"line":16,"column":47}},"16":{"start":{"line":17,"column":0},"end":{"line":17,"column":5}},"17":{"start":{"line":18,"column":0},"end":{"line":18,"column":1}}},"s":{"0":1,"1":1,"2":1,"3":1,"4":1,"5":1,"6":1,"7":1,"8":1,"9":1,"10":1,"11":1,"12":1,"13":1,"14":1,"15":0,"16":0,"17":1},"branchMap":{"0":{"type":"branch","line":7,"loc":{"start":{"line":7,"column":4},"end":{"line":9,"column":5}},"locations":[{"start":{"line":7,"column":4},"end":{"line":9,"column":5}}]},"1":{"type":"branch","line":11,"loc":{"start":{"line":11,"column":11},"end":{"line":13,"column":5}},"locations":[{"start":{"line":11,"column":11},"end":{"line":13,"column":5}}]}},"b":{"0":[1],"1":[1]},"fnMap":{"0":{"name":"MessageService","decl":{"start":{"line":7,"column":4},"end":{"line":9,"column":5}},"loc":{"start":{"line":7,"column":4},"end":{"line":9,"column":5}},"line":7},"1":{"name":"sendMessage","decl":{"start":{"line":11,"column":11},"end":{"line":13,"column":5}},"loc":{"start":{"line":11,"column":11},"end":{"line":13,"column":5}},"line":11},"2":{"name":"getMessageHistory","decl":{"start":{"line":15,"column":11},"end":{"line":17,"column":5}},"loc":{"start":{"line":15,"column":11},"end":{"line":17,"column":5}},"line":15}},"f":{"0":1,"1":1,"2":0}}
,"/Users/I511607/perso/twitch-chat-clone/test/domain/services/message.repository.mock.ts": {"path":"/Users/I511607/perso/twitch-chat-clone/test/domain/services/message.repository.mock.ts","all":false,"statementMap":{"0":{"start":{"line":1,"column":0},"end":{"line":1,"column":59}},"1":{"start":{"line":2,"column":0},"end":{"line":2,"column":81}},"2":{"start":{"line":3,"column":0},"end":{"line":3,"column":0}},"3":{"start":{"line":4,"column":0},"end":{"line":4,"column":73}},"4":{"start":{"line":5,"column":0},"end":{"line":5,"column":37}},"5":{"start":{"line":6,"column":0},"end":{"line":6,"column":0}},"6":{"start":{"line":7,"column":0},"end":{"line":7,"column":53}},"7":{"start":{"line":8,"column":0},"end":{"line":8,"column":36}},"8":{"start":{"line":9,"column":0},"end":{"line":9,"column":40}},"9":{"start":{"line":10,"column":0},"end":{"line":10,"column":5}},"10":{"start":{"line":11,"column":0},"end":{"line":11,"column":0}},"11":{"start":{"line":12,"column":0},"end":{"line":12,"column":41}},"12":{"start":{"line":13,"column":0},"end":{"line":13,"column":46}},"13":{"start":{"line":14,"column":0},"end":{"line":14,"column":5}},"14":{"start":{"line":15,"column":0},"end":{"line":15,"column":1}}},"s":{"0":1,"1":1,"2":1,"3":1,"4":1,"5":1,"6":1,"7":1,"8":1,"9":1,"10":1,"11":1,"12":0,"13":0,"14":1},"branchMap":{"0":{"type":"branch","line":5,"loc":{"start":{"line":5,"column":12},"end":{"line":5,"column":37}},"locations":[{"start":{"line":5,"column":12},"end":{"line":5,"column":37}}]},"1":{"type":"branch","line":7,"loc":{"start":{"line":7,"column":11},"end":{"line":10,"column":5}},"locations":[{"start":{"line":7,"column":11},"end":{"line":10,"column":5}}]}},"b":{"0":[1],"1":[1]},"fnMap":{"0":{"name":"<instance_members_initializer>","decl":{"start":{"line":5,"column":12},"end":{"line":5,"column":37}},"loc":{"start":{"line":5,"column":12},"end":{"line":5,"column":37}},"line":5},"1":{"name":"save","decl":{"start":{"line":7,"column":11},"end":{"line":10,"column":5}},"loc":{"start":{"line":7,"column":11},"end":{"line":10,"column":5}},"line":7},"2":{"name":"getAll","decl":{"start":{"line":12,"column":11},"end":{"line":14,"column":5}},"loc":{"start":{"line":12,"column":11},"end":{"line":14,"column":5}},"line":12}},"f":{"0":1,"1":1,"2":0}}
}
