TN:
SF:src/domain/entities/message.ts
FN:7,Message
FNF:1
FNH:1
FNDA:1,Message
DA:1,1
DA:2,1
DA:3,1
DA:4,1
DA:5,1
DA:6,1
DA:7,1
DA:8,1
DA:9,1
DA:10,1
DA:11,1
DA:12,1
LF:12
LH:12
BRDA:7,0,0,1
BRF:1
BRH:1
end_of_record
TN:
SF:src/domain/services/message.service.ts
FN:7,MessageService
FN:11,sendMessage
FN:15,getMessageHistory
FNF:3
FNH:2
FNDA:1,MessageService
FNDA:1,sendMessage
FNDA:0,getMessageHistory
DA:1,1
DA:2,1
DA:3,1
DA:4,1
DA:5,1
DA:6,1
DA:7,1
DA:8,1
DA:9,1
DA:10,1
DA:11,1
DA:12,1
DA:13,1
DA:14,1
DA:15,1
DA:16,0
DA:17,0
DA:18,1
LF:18
LH:16
BRDA:7,0,0,1
BRDA:11,1,0,1
BRF:2
BRH:2
end_of_record
TN:
SF:test/domain/services/message.repository.mock.ts
FN:5,<instance_members_initializer>
FN:7,save
FN:12,getAll
FNF:3
FNH:2
FNDA:1,<instance_members_initializer>
FNDA:1,save
FNDA:0,getAll
DA:1,1
DA:2,1
DA:3,1
DA:4,1
DA:5,1
DA:6,1
DA:7,1
DA:8,1
DA:9,1
DA:10,1
DA:11,1
DA:12,1
DA:13,0
DA:14,0
DA:15,1
LF:15
LH:13
BRDA:5,0,0,1
BRDA:7,1,0,1
BRF:2
BRH:2
end_of_record
